0 info it worked if it ends with ok
1 verbose cli [ '/usr/local/Cellar/node/0.10.21/bin/node',
1 verbose cli   '/usr/local/bin/npm',
1 verbose cli   'install',
1 verbose cli   '.',
1 verbose cli   '-g' ]
2 info using npm@1.3.11
3 info using node@v0.10.21
4 verbose cache add [ '.', null ]
5 verbose cache add name=undefined spec="." args=[".",null]
6 verbose parsed url { protocol: null,
6 verbose parsed url   slashes: null,
6 verbose parsed url   auth: null,
6 verbose parsed url   host: null,
6 verbose parsed url   port: null,
6 verbose parsed url   hostname: null,
6 verbose parsed url   hash: null,
6 verbose parsed url   search: null,
6 verbose parsed url   query: null,
6 verbose parsed url   pathname: '.',
6 verbose parsed url   path: '.',
6 verbose parsed url   href: '.' }
7 silly lockFile 3a52ce78- .
8 verbose lock . /Users/fantasy/.npm/3a52ce78-.lock
9 verbose tar pack [ '/var/folders/vx/1hjvcgxx0ms4wf739tlrlhq80000gp/T/npm-42022-CyymOk_k/1408014861122-0.9995701727457345/tmp.tgz',
9 verbose tar pack   '.' ]
10 verbose tarball /var/folders/vx/1hjvcgxx0ms4wf739tlrlhq80000gp/T/npm-42022-CyymOk_k/1408014861122-0.9995701727457345/tmp.tgz
11 verbose folder .
12 silly lockFile 1f1177db-tar tar://.
13 verbose lock tar://. /Users/fantasy/.npm/1f1177db-tar.lock
14 silly lockFile cca142a2-61122-0-9995701727457345-tmp-tgz tar:///var/folders/vx/1hjvcgxx0ms4wf739tlrlhq80000gp/T/npm-42022-CyymOk_k/1408014861122-0.9995701727457345/tmp.tgz
15 verbose lock tar:///var/folders/vx/1hjvcgxx0ms4wf739tlrlhq80000gp/T/npm-42022-CyymOk_k/1408014861122-0.9995701727457345/tmp.tgz /Users/fantasy/.npm/cca142a2-61122-0-9995701727457345-tmp-tgz.lock
16 silly lockFile 1f1177db-tar tar://.
17 silly lockFile 1f1177db-tar tar://.
18 silly lockFile cca142a2-61122-0-9995701727457345-tmp-tgz tar:///var/folders/vx/1hjvcgxx0ms4wf739tlrlhq80000gp/T/npm-42022-CyymOk_k/1408014861122-0.9995701727457345/tmp.tgz
19 silly lockFile cca142a2-61122-0-9995701727457345-tmp-tgz tar:///var/folders/vx/1hjvcgxx0ms4wf739tlrlhq80000gp/T/npm-42022-CyymOk_k/1408014861122-0.9995701727457345/tmp.tgz
20 verbose tar unpack /var/folders/vx/1hjvcgxx0ms4wf739tlrlhq80000gp/T/npm-42022-CyymOk_k/1408014861122-0.9995701727457345/tmp.tgz
21 silly lockFile 2081cfe7-61122-0-9995701727457345-package tar:///var/folders/vx/1hjvcgxx0ms4wf739tlrlhq80000gp/T/npm-42022-CyymOk_k/1408014861122-0.9995701727457345/package
22 verbose lock tar:///var/folders/vx/1hjvcgxx0ms4wf739tlrlhq80000gp/T/npm-42022-CyymOk_k/1408014861122-0.9995701727457345/package /Users/fantasy/.npm/2081cfe7-61122-0-9995701727457345-package.lock
23 silly lockFile cca142a2-61122-0-9995701727457345-tmp-tgz tar:///var/folders/vx/1hjvcgxx0ms4wf739tlrlhq80000gp/T/npm-42022-CyymOk_k/1408014861122-0.9995701727457345/tmp.tgz
24 verbose lock tar:///var/folders/vx/1hjvcgxx0ms4wf739tlrlhq80000gp/T/npm-42022-CyymOk_k/1408014861122-0.9995701727457345/tmp.tgz /Users/fantasy/.npm/cca142a2-61122-0-9995701727457345-tmp-tgz.lock
25 silly gunzTarPerm modes [ '755', '644' ]
26 silly gunzTarPerm extractEntry package.json
27 silly gunzTarPerm extractEntry .npmignore
28 silly gunzTarPerm extractEntry README.md
29 silly gunzTarPerm extractEntry LICENSE
30 silly gunzTarPerm extractEntry index.js
31 silly gunzTarPerm extractEntry .travis.yml
32 silly gunzTarPerm extractEntry lib/util.js
33 silly gunzTarPerm extractEntry bin/npm-gnerator
34 silly gunzTarPerm extractEntry templates/package.json
35 silly gunzTarPerm extractEntry templates/.npmignore
36 silly gunzTarPerm extractEntry templates/README.md
37 silly gunzTarPerm extractEntry templates/LICENSE
38 silly gunzTarPerm extractEntry templates/index.js
39 silly gunzTarPerm extractEntry templates/.travis.yml
40 silly gunzTarPerm extractEntry templates/bin/pkg
41 silly gunzTarPerm extractEntry templates/lib/index.js
42 silly lockFile 2081cfe7-61122-0-9995701727457345-package tar:///var/folders/vx/1hjvcgxx0ms4wf739tlrlhq80000gp/T/npm-42022-CyymOk_k/1408014861122-0.9995701727457345/package
43 silly lockFile 2081cfe7-61122-0-9995701727457345-package tar:///var/folders/vx/1hjvcgxx0ms4wf739tlrlhq80000gp/T/npm-42022-CyymOk_k/1408014861122-0.9995701727457345/package
44 silly lockFile cca142a2-61122-0-9995701727457345-tmp-tgz tar:///var/folders/vx/1hjvcgxx0ms4wf739tlrlhq80000gp/T/npm-42022-CyymOk_k/1408014861122-0.9995701727457345/tmp.tgz
45 silly lockFile cca142a2-61122-0-9995701727457345-tmp-tgz tar:///var/folders/vx/1hjvcgxx0ms4wf739tlrlhq80000gp/T/npm-42022-CyymOk_k/1408014861122-0.9995701727457345/tmp.tgz
46 verbose tar pack [ '/Users/fantasy/.npm/npm-generator/0.1.1/package.tgz',
46 verbose tar pack   '/var/folders/vx/1hjvcgxx0ms4wf739tlrlhq80000gp/T/npm-42022-CyymOk_k/1408014861122-0.9995701727457345/package' ]
47 verbose tarball /Users/fantasy/.npm/npm-generator/0.1.1/package.tgz
48 verbose folder /var/folders/vx/1hjvcgxx0ms4wf739tlrlhq80000gp/T/npm-42022-CyymOk_k/1408014861122-0.9995701727457345/package
49 silly lockFile 2081cfe7-61122-0-9995701727457345-package tar:///var/folders/vx/1hjvcgxx0ms4wf739tlrlhq80000gp/T/npm-42022-CyymOk_k/1408014861122-0.9995701727457345/package
50 verbose lock tar:///var/folders/vx/1hjvcgxx0ms4wf739tlrlhq80000gp/T/npm-42022-CyymOk_k/1408014861122-0.9995701727457345/package /Users/fantasy/.npm/2081cfe7-61122-0-9995701727457345-package.lock
51 silly lockFile cb8438b8--npm-generator-0-1-1-package-tgz tar:///Users/fantasy/.npm/npm-generator/0.1.1/package.tgz
52 verbose lock tar:///Users/fantasy/.npm/npm-generator/0.1.1/package.tgz /Users/fantasy/.npm/cb8438b8--npm-generator-0-1-1-package-tgz.lock
53 silly lockFile 2081cfe7-61122-0-9995701727457345-package tar:///var/folders/vx/1hjvcgxx0ms4wf739tlrlhq80000gp/T/npm-42022-CyymOk_k/1408014861122-0.9995701727457345/package
54 silly lockFile 2081cfe7-61122-0-9995701727457345-package tar:///var/folders/vx/1hjvcgxx0ms4wf739tlrlhq80000gp/T/npm-42022-CyymOk_k/1408014861122-0.9995701727457345/package
55 silly lockFile cb8438b8--npm-generator-0-1-1-package-tgz tar:///Users/fantasy/.npm/npm-generator/0.1.1/package.tgz
56 silly lockFile cb8438b8--npm-generator-0-1-1-package-tgz tar:///Users/fantasy/.npm/npm-generator/0.1.1/package.tgz
57 silly lockFile bcc8133f--npm-npm-generator-0-1-1-package /Users/fantasy/.npm/npm-generator/0.1.1/package
58 verbose lock /Users/fantasy/.npm/npm-generator/0.1.1/package /Users/fantasy/.npm/bcc8133f--npm-npm-generator-0-1-1-package.lock
59 silly lockFile bcc8133f--npm-npm-generator-0-1-1-package /Users/fantasy/.npm/npm-generator/0.1.1/package
60 silly lockFile bcc8133f--npm-npm-generator-0-1-1-package /Users/fantasy/.npm/npm-generator/0.1.1/package
61 verbose tar unpack /Users/fantasy/.npm/npm-generator/0.1.1/package.tgz
62 silly lockFile fd4269fc--npm-npm-generator-0-1-1-package tar:///Users/fantasy/.npm/npm-generator/0.1.1/package
63 verbose lock tar:///Users/fantasy/.npm/npm-generator/0.1.1/package /Users/fantasy/.npm/fd4269fc--npm-npm-generator-0-1-1-package.lock
64 silly lockFile cb8438b8--npm-generator-0-1-1-package-tgz tar:///Users/fantasy/.npm/npm-generator/0.1.1/package.tgz
65 verbose lock tar:///Users/fantasy/.npm/npm-generator/0.1.1/package.tgz /Users/fantasy/.npm/cb8438b8--npm-generator-0-1-1-package-tgz.lock
66 silly gunzTarPerm modes [ '755', '644' ]
67 silly gunzTarPerm extractEntry package.json
68 silly gunzTarPerm extractEntry .npmignore
69 silly gunzTarPerm extractEntry README.md
70 silly gunzTarPerm extractEntry LICENSE
71 silly gunzTarPerm extractEntry index.js
72 silly gunzTarPerm extractEntry .travis.yml
73 silly gunzTarPerm extractEntry bin/npm-gnerator
74 silly gunzTarPerm extractEntry lib/util.js
75 silly gunzTarPerm extractEntry templates/package.json
76 silly gunzTarPerm extractEntry templates/.npmignore
77 silly gunzTarPerm extractEntry templates/README.md
78 silly gunzTarPerm extractEntry templates/LICENSE
79 silly gunzTarPerm extractEntry templates/index.js
80 silly gunzTarPerm extractEntry templates/.travis.yml
81 silly gunzTarPerm extractEntry templates/bin/pkg
82 silly gunzTarPerm extractEntry templates/lib/index.js
83 silly lockFile fd4269fc--npm-npm-generator-0-1-1-package tar:///Users/fantasy/.npm/npm-generator/0.1.1/package
84 silly lockFile fd4269fc--npm-npm-generator-0-1-1-package tar:///Users/fantasy/.npm/npm-generator/0.1.1/package
85 silly lockFile cb8438b8--npm-generator-0-1-1-package-tgz tar:///Users/fantasy/.npm/npm-generator/0.1.1/package.tgz
86 silly lockFile cb8438b8--npm-generator-0-1-1-package-tgz tar:///Users/fantasy/.npm/npm-generator/0.1.1/package.tgz
87 verbose chmod /Users/fantasy/.npm/npm-generator/0.1.1/package.tgz 644
88 verbose chown /Users/fantasy/.npm/npm-generator/0.1.1/package.tgz [ 502, 20 ]
89 silly lockFile 3a52ce78- .
90 silly lockFile 3a52ce78- .
91 silly resolved [ { name: 'npm-generator',
91 silly resolved     version: '0.1.1',
91 silly resolved     description: 'Simple NPM package generator',
91 silly resolved     main: 'index.js',
91 silly resolved     repository: { type: 'git', url: 'git@github.com:SFantasy/generator.git' },
91 silly resolved     keywords: [ 'generator', 'node', 'npm', 'scaffold' ],
91 silly resolved     author:
91 silly resolved      { name: 'fantasy',
91 silly resolved        email: 'fantasyshao@icloud.com',
91 silly resolved        url: 'http://fantasy.codes' },
91 silly resolved     bin: { 'npm-generator': './bin/npm-generator' },
91 silly resolved     license: 'MIT',
91 silly resolved     bugs: { url: 'https://github.com/SFantasy/generator/issues' },
91 silly resolved     devDependencies:
91 silly resolved      { mkdirp: '~0.5.0',
91 silly resolved        commander: '~2.3.0',
91 silly resolved        'init-package-json': '~1.0.0',
91 silly resolved        npm: '~1.4.23' },
91 silly resolved     readme: 'Generator\n========\n\nSimple NPM package generator.\n\n[![NPM](https://nodei.co/npm/npm-generator.png)](https://nodei.co/npm/npm-generator/)\n\n## Install\n\n```\n[sudo] npm install npm-generator [-g]\n```\n\n## Usage\n\n### Generate package\n\n```\nnpm-generator package-name\n```\n\n### Sample structure\n\n```\n|--bin\n| |- pkg\n|--lib\n| |- index.js\n|--test\n| |- test.js\n|-index.js\n|-package.json\n|-README.md\n|-LICENSE\n|-.travis.yml\n|-.npmignore\n|-.gitignore\n```\n\n## Reference\n\n[Express-generator](https://github.com/expressjs/generator)\n\n## License\n\nThe MIT License\n',
91 silly resolved     readmeFilename: 'README.md',
91 silly resolved     _id: 'npm-generator@0.1.1',
91 silly resolved     dist: { shasum: '6fb47bbe3c4baccaf806a41394cbf871c49a5f43' },
91 silly resolved     _from: '.' } ]
92 info install npm-generator@0.1.1 into /usr/local/lib
93 info installOne npm-generator@0.1.1
94 info /usr/local/lib/node_modules/npm-generator unbuild
95 verbose tar unpack /Users/fantasy/.npm/npm-generator/0.1.1/package.tgz
96 silly lockFile 2d81adc6-l-lib-node-modules-npm-generator tar:///usr/local/lib/node_modules/npm-generator
97 verbose lock tar:///usr/local/lib/node_modules/npm-generator /Users/fantasy/.npm/2d81adc6-l-lib-node-modules-npm-generator.lock
98 silly lockFile cb8438b8--npm-generator-0-1-1-package-tgz tar:///Users/fantasy/.npm/npm-generator/0.1.1/package.tgz
99 verbose lock tar:///Users/fantasy/.npm/npm-generator/0.1.1/package.tgz /Users/fantasy/.npm/cb8438b8--npm-generator-0-1-1-package-tgz.lock
100 silly gunzTarPerm modes [ '755', '644' ]
101 silly gunzTarPerm extractEntry package.json
102 silly gunzTarPerm extractEntry .npmignore
103 silly gunzTarPerm extractEntry README.md
104 silly gunzTarPerm extractEntry LICENSE
105 silly gunzTarPerm extractEntry index.js
106 silly gunzTarPerm extractEntry .travis.yml
107 silly gunzTarPerm extractEntry bin/npm-gnerator
108 silly gunzTarPerm extractEntry lib/util.js
109 silly gunzTarPerm extractEntry templates/package.json
110 silly gunzTarPerm extractEntry templates/.npmignore
111 silly gunzTarPerm extractEntry templates/README.md
112 silly gunzTarPerm extractEntry templates/LICENSE
113 silly gunzTarPerm extractEntry templates/index.js
114 silly gunzTarPerm extractEntry templates/.travis.yml
115 silly gunzTarPerm extractEntry templates/bin/pkg
116 silly gunzTarPerm extractEntry templates/lib/index.js
117 silly lockFile 2d81adc6-l-lib-node-modules-npm-generator tar:///usr/local/lib/node_modules/npm-generator
118 silly lockFile 2d81adc6-l-lib-node-modules-npm-generator tar:///usr/local/lib/node_modules/npm-generator
119 silly lockFile cb8438b8--npm-generator-0-1-1-package-tgz tar:///Users/fantasy/.npm/npm-generator/0.1.1/package.tgz
120 silly lockFile cb8438b8--npm-generator-0-1-1-package-tgz tar:///Users/fantasy/.npm/npm-generator/0.1.1/package.tgz
121 info preinstall npm-generator@0.1.1
122 verbose readDependencies using package.json deps
123 verbose readDependencies using package.json deps
124 silly resolved []
125 verbose about to build /usr/local/lib/node_modules/npm-generator
126 info build /usr/local/lib/node_modules/npm-generator
127 verbose linkStuff [ true,
127 verbose linkStuff   '/usr/local/lib/node_modules',
127 verbose linkStuff   true,
127 verbose linkStuff   '/usr/local/lib/node_modules' ]
128 info linkStuff npm-generator@0.1.1
129 verbose linkBins npm-generator@0.1.1
130 verbose link bins [ { 'npm-generator': './bin/npm-generator' },
130 verbose link bins   '/usr/local/bin',
130 verbose link bins   true ]
131 verbose linkMans npm-generator@0.1.1
132 verbose rebuildBundles npm-generator@0.1.1
133 info /usr/local/lib/node_modules/npm-generator unbuild
134 info preuninstall npm-generator@0.1.1
135 info uninstall npm-generator@0.1.1
136 verbose true,/usr/local/lib/node_modules,/usr/local/lib/node_modules unbuild npm-generator@0.1.1
137 verbose /usr/local/bin,[object Object] binRoot
138 info postuninstall npm-generator@0.1.1
139 error Error: ENOENT, chmod '/usr/local/lib/node_modules/npm-generator/bin/npm-generator'
140 error If you need help, you may report this log at:
140 error     <http://github.com/isaacs/npm/issues>
140 error or email it to:
140 error     <npm-@googlegroups.com>
141 error System Darwin 13.3.0
142 error command "/usr/local/Cellar/node/0.10.21/bin/node" "/usr/local/bin/npm" "install" "." "-g"
143 error cwd /Users/fantasy/Studio/Utilities/generator
144 error node -v v0.10.21
145 error npm -v 1.3.11
146 error path /usr/local/lib/node_modules/npm-generator/bin/npm-generator
147 error code ENOENT
148 error errno 34
149 verbose exit [ 34, true ]
